{"C:\\funcTest\\functions\\src\\index.ts": {"path":"C:\\funcTest\\functions\\src\\index.ts","statementMap":{"0":{"start":{"line":1,"column":0},"end":{"line":1,"column":48}},"1":{"start":{"line":2,"column":0},"end":{"line":2,"column":40}},"2":{"start":{"line":3,"column":0},"end":{"line":3,"column":22}},"3":{"start":{"line":12,"column":13},"end":{"line":27,"column":3}},"4":{"start":{"line":13,"column":20},"end":{"line":13,"column":47}},"5":{"start":{"line":14,"column":2},"end":{"line":26,"column":7}},"6":{"start":{"line":22,"column":6},"end":{"line":22,"column":28}},"7":{"start":{"line":25,"column":6},"end":{"line":25,"column":25}},"8":{"start":{"line":30,"column":2},"end":{"line":30,"column":16}}},"fnMap":{"0":{"name":"(anonymous_0)","decl":{"start":{"line":12,"column":55},"end":{"line":12,"column":56}},"loc":{"start":{"line":12,"column":68},"end":{"line":27,"column":1}}},"1":{"name":"(anonymous_1)","decl":{"start":{"line":21,"column":10},"end":{"line":21,"column":13}},"loc":{"start":{"line":21,"column":15},"end":{"line":23,"column":5}}},"2":{"name":"(anonymous_2)","decl":{"start":{"line":24,"column":11},"end":{"line":24,"column":14}},"loc":{"start":{"line":24,"column":16},"end":{"line":26,"column":5}}},"3":{"name":"incrementMe","decl":{"start":{"line":29,"column":9},"end":{"line":29,"column":20}},"loc":{"start":{"line":29,"column":33},"end":{"line":31,"column":1}}}},"branchMap":{},"s":{"0":1,"1":1,"2":1,"3":1,"4":1,"5":1,"6":0,"7":0,"8":1},"f":{"0":1,"1":0,"2":0,"3":1},"b":{}}
}
